2026.03.16 21:42:11 INFO  Started: Metals version 1.6.6 in folders 'C:\Users\vitorsantana\Desktop\faculdade\backend-mafra\atividade-3' for client Visual Studio Code 1.111.0.
2026.03.16 21:42:11 INFO  Memory monitor started
2026.03.16 21:42:12 WARN  Using H2 2.4.240 which is newer than the version Flyway has been verified with. The latest verified version of H2 is 2.3.232.
2026.03.16 21:42:12 INFO  no build target found for C:\Users\vitorsantana\Desktop\faculdade\backend-mafra\atividade-3\api-contato\src\main\java\com\uninassau\api_contato\ApiContatoApplication.java. Using fallback presentation compiler.
mar. 16, 2026 9:42:13 PM org.eclipse.lsp4j.jsonrpc.RemoteEndpoint handleCancellation
WARNING: Unmatched cancel notification for request id 2
mar. 16, 2026 9:42:13 PM org.eclipse.lsp4j.jsonrpc.RemoteEndpoint handleCancellation
WARNING: Unmatched cancel notification for request id 1
2026.03.16 21:45:33 INFO  no build target found for C:\Users\vitorsantana\Desktop\faculdade\backend-mafra\atividade-3\api-contato\src\main\java\com\uninassau\api_contato\ApiContatoApplication.java. Using fallback presentation compiler.
2026.03.16 21:45:33 INFO  no build target found for C:\Users\vitorsantana\Desktop\faculdade\backend-mafra\atividade-3\api-contato\src\main\java\com\uninassau\api_contato\ApiContatoApplication.java. Using fallback presentation compiler.
2026.03.16 21:45:33 WARN  no build target for: C:\Users\vitorsantana\Desktop\faculdade\backend-mafra\atividade-3\api-contato\src\main\java\com\uninassau\api_contato\ApiContatoApplication.java
2026.03.16 21:45:33 INFO  no build target found for C:\Users\vitorsantana\Desktop\faculdade\backend-mafra\atividade-3\api-contato\src\main\java\com\uninassau\api_contato\ApiContatoApplication.java. Using fallback presentation compiler.
2026.03.16 21:48:38 INFO  no build target found for C:\Users\vitorsantana\Desktop\faculdade\backend-mafra\atividade-3\api-contato\src\main\java\com\uninassau\api_contato\ApiContatoApplication.java. Using fallback presentation compiler.
2026.03.16 21:48:38 INFO  no build target found for C:\Users\vitorsantana\Desktop\faculdade\backend-mafra\atividade-3\api-contato\src\main\java\com\uninassau\api_contato\ApiContatoApplication.java. Using fallback presentation compiler.
2026.03.16 21:48:38 INFO  no build target found for C:\Users\vitorsantana\Desktop\faculdade\backend-mafra\atividade-3\api-contato\src\main\java\com\uninassau\api_contato\ApiContatoApplication.java. Using fallback presentation compiler.
2026.03.16 21:48:38 INFO  no build target found for C:\Users\vitorsantana\Desktop\faculdade\backend-mafra\atividade-3\api-contato\src\main\java\com\uninassau\api_contato\ApiContatoApplication.java. Using fallback presentation compiler.
2026.03.16 21:48:38 INFO  no build target found for C:\Users\vitorsantana\Desktop\faculdade\backend-mafra\atividade-3\api-contato\src\main\java\com\uninassau\api_contato\ApiContatoApplication.java. Using fallback presentation compiler.
2026.03.16 21:48:38 INFO  no build target found for C:\Users\vitorsantana\Desktop\faculdade\backend-mafra\atividade-3\api-contato\src\main\java\com\uninassau\api_contato\ApiContatoApplication.java. Using fallback presentation compiler.
2026.03.16 21:48:39 INFO  no build target found for C:\Users\vitorsantana\Desktop\faculdade\backend-mafra\atividade-3\api-contato\src\main\java\com\uninassau\api_contato\ApiContatoApplication.java. Using fallback presentation compiler.
2026.03.16 21:48:39 INFO  no build target found for C:\Users\vitorsantana\Desktop\faculdade\backend-mafra\atividade-3\api-contato\src\main\java\com\uninassau\api_contato\ApiContatoApplication.java. Using fallback presentation compiler.
2026.03.16 21:48:39 INFO  no build target found for C:\Users\vitorsantana\Desktop\faculdade\backend-mafra\atividade-3\api-contato\src\main\java\com\uninassau\api_contato\ApiContatoApplication.java. Using fallback presentation compiler.
2026.03.16 21:48:40 WARN  no build target for: C:\Users\vitorsantana\Desktop\faculdade\backend-mafra\atividade-3\api-contato\src\main\java\com\uninassau\api_contato\ApiContatoApplication.java
2026.03.16 21:48:40 INFO  no build target found for C:\Users\vitorsantana\Desktop\faculdade\backend-mafra\atividade-3\api-contato\src\main\java\com\uninassau\api_contato\ApiContatoApplication.java. Using fallback presentation compiler.
2026.03.16 21:48:41 INFO  no build target found for C:\Users\vitorsantana\Desktop\faculdade\backend-mafra\atividade-3\api-contato\src\main\java\com\uninassau\api_contato\ApiContatoApplication.java. Using fallback presentation compiler.
2026.03.16 21:48:41 INFO  no build target found for C:\Users\vitorsantana\Desktop\faculdade\backend-mafra\atividade-3\api-contato\src\main\java\com\uninassau\api_contato\ApiContatoApplication.java. Using fallback presentation compiler.
2026.03.16 21:48:41 INFO  no build target found for C:\Users\vitorsantana\Desktop\faculdade\backend-mafra\atividade-3\api-contato\src\main\java\com\uninassau\api_contato\ApiContatoApplication.java. Using fallback presentation compiler.
2026.03.16 21:48:46 INFO  no build target found for C:\Users\vitorsantana\Desktop\faculdade\backend-mafra\atividade-3\api-contato\src\main\java\com\uninassau\api_contato\ApiContatoApplication.java. Using fallback presentation compiler.
2026.03.16 21:48:46 INFO  no build target found for C:\Users\vitorsantana\Desktop\faculdade\backend-mafra\atividade-3\api-contato\src\main\java\com\uninassau\api_contato\ApiContatoApplication.java. Using fallback presentation compiler.
2026.03.16 21:48:46 INFO  no build target found for C:\Users\vitorsantana\Desktop\faculdade\backend-mafra\atividade-3\api-contato\src\main\java\com\uninassau\api_contato\ApiContatoApplication.java. Using fallback presentation compiler.
2026.03.16 21:48:47 INFO  no build target found for C:\Users\vitorsantana\Desktop\faculdade\backend-mafra\atividade-3\api-contato\src\main\java\com\uninassau\api_contato\ApiContatoApplication.java. Using fallback presentation compiler.
2026.03.16 21:48:46 INFO  no build target found for C:\Users\vitorsantana\Desktop\faculdade\backend-mafra\atividade-3\api-contato\src\main\java\com\uninassau\api_contato\ApiContatoApplication.java. Using fallback presentation compiler.
2026.03.16 21:48:46 INFO  no build target found for C:\Users\vitorsantana\Desktop\faculdade\backend-mafra\atividade-3\api-contato\src\main\java\com\uninassau\api_contato\ApiContatoApplication.java. Using fallback presentation compiler.
2026.03.16 21:48:48 INFO  no build target found for C:\Users\vitorsantana\Desktop\faculdade\backend-mafra\atividade-3\api-contato\src\main\java\com\uninassau\api_contato\ApiContatoApplication.java. Using fallback presentation compiler.
2026.03.16 21:48:48 INFO  no build target found for C:\Users\vitorsantana\Desktop\faculdade\backend-mafra\atividade-3\api-contato\src\main\java\com\uninassau\api_contato\ApiContatoApplication.java. Using fallback presentation compiler.
2026.03.16 21:48:47 WARN  no build target for: C:\Users\vitorsantana\Desktop\faculdade\backend-mafra\atividade-3\api-contato\src\main\java\com\uninassau\api_contato\ApiContatoApplication.java
2026.03.16 21:48:48 INFO  no build target found for C:\Users\vitorsantana\Desktop\faculdade\backend-mafra\atividade-3\api-contato\src\main\java\com\uninassau\api_contato\ApiContatoApplication.java. Using fallback presentation compiler.
2026.03.16 21:48:49 INFO  no build target found for C:\Users\vitorsantana\Desktop\faculdade\backend-mafra\atividade-3\api-contato\src\main\java\com\uninassau\api_contato\ApiContatoApplication.java. Using fallback presentation compiler.
2026.03.16 21:48:49 INFO  no build target found for C:\Users\vitorsantana\Desktop\faculdade\backend-mafra\atividade-3\api-contato\src\main\java\com\uninassau\api_contato\ApiContatoApplication.java. Using fallback presentation compiler.
2026.03.16 21:49:37 INFO  no build target found for C:\Users\vitorsantana\Desktop\faculdade\backend-mafra\atividade-3\api-contato\src\main\java\com\uninassau\api_contato\ApiContatoApplication.java. Using fallback presentation compiler.
2026.03.16 21:49:37 INFO  no build target found for C:\Users\vitorsantana\Desktop\faculdade\backend-mafra\atividade-3\api-contato\src\main\java\com\uninassau\api_contato\ApiContatoApplication.java. Using fallback presentation compiler.
2026.03.16 21:49:45 INFO  no build target found for C:\Users\vitorsantana\Desktop\faculdade\backend-mafra\atividade-3\api-contato\src\main\java\com\uninassau\api_contato\ApiContatoApplication.java. Using fallback presentation compiler.
2026.03.16 21:49:45 INFO  no build target found for C:\Users\vitorsantana\Desktop\faculdade\backend-mafra\atividade-3\api-contato\src\main\java\com\uninassau\api_contato\ApiContatoApplication.java. Using fallback presentation compiler.
2026.03.16 21:49:45 INFO  no build target found for C:\Users\vitorsantana\Desktop\faculdade\backend-mafra\atividade-3\api-contato\src\main\java\com\uninassau\api_contato\ApiContatoApplication.java. Using fallback presentation compiler.
2026.03.16 21:49:45 INFO  no build target found for C:\Users\vitorsantana\Desktop\faculdade\backend-mafra\atividade-3\api-contato\src\main\java\com\uninassau\api_contato\ApiContatoApplication.java. Using fallback presentation compiler.
2026.03.16 21:49:45 INFO  no build target found for C:\Users\vitorsantana\Desktop\faculdade\backend-mafra\atividade-3\api-contato\src\main\java\com\uninassau\api_contato\ApiContatoApplication.java. Using fallback presentation compiler.
2026.03.16 21:49:46 INFO  no build target found for C:\Users\vitorsantana\Desktop\faculdade\backend-mafra\atividade-3\api-contato\src\main\java\com\uninassau\api_contato\ApiContatoApplication.java. Using fallback presentation compiler.
2026.03.16 21:49:46 INFO  no build target found for C:\Users\vitorsantana\Desktop\faculdade\backend-mafra\atividade-3\api-contato\src\main\java\com\uninassau\api_contato\ApiContatoApplication.java. Using fallback presentation compiler.
2026.03.16 21:49:46 INFO  no build target found for C:\Users\vitorsantana\Desktop\faculdade\backend-mafra\atividade-3\api-contato\src\main\java\com\uninassau\api_contato\ApiContatoApplication.java. Using fallback presentation compiler.
2026.03.16 21:49:46 WARN  no build target for: C:\Users\vitorsantana\Desktop\faculdade\backend-mafra\atividade-3\api-contato\src\main\java\com\uninassau\api_contato\ApiContatoApplication.java
2026.03.16 21:49:46 INFO  no build target found for C:\Users\vitorsantana\Desktop\faculdade\backend-mafra\atividade-3\api-contato\src\main\java\com\uninassau\api_contato\ApiContatoApplication.java. Using fallback presentation compiler.
2026.03.16 21:49:47 INFO  no build target found for C:\Users\vitorsantana\Desktop\faculdade\backend-mafra\atividade-3\api-contato\src\main\java\com\uninassau\api_contato\ApiContatoApplication.java. Using fallback presentation compiler.
2026.03.16 21:49:47 INFO  no build target found for C:\Users\vitorsantana\Desktop\faculdade\backend-mafra\atividade-3\api-contato\src\main\java\com\uninassau\api_contato\ApiContatoApplication.java. Using fallback presentation compiler.
2026.03.16 21:49:47 INFO  no build target found for C:\Users\vitorsantana\Desktop\faculdade\backend-mafra\atividade-3\api-contato\src\main\java\com\uninassau\api_contato\ApiContatoApplication.java. Using fallback presentation compiler.
2026.03.16 21:49:47 INFO  no build target found for C:\Users\vitorsantana\Desktop\faculdade\backend-mafra\atividade-3\api-contato\src\main\java\com\uninassau\api_contato\ApiContatoApplication.java. Using fallback presentation compiler.
2026.03.16 21:49:47 INFO  no build target found for C:\Users\vitorsantana\Desktop\faculdade\backend-mafra\atividade-3\api-contato\src\main\java\com\uninassau\api_contato\ApiContatoApplication.java. Using fallback presentation compiler.
2026.03.16 21:49:48 INFO  no build target found for C:\Users\vitorsantana\Desktop\faculdade\backend-mafra\atividade-3\api-contato\src\main\java\com\uninassau\api_contato\ApiContatoApplication.java. Using fallback presentation compiler.
2026.03.16 21:49:48 INFO  no build target found for C:\Users\vitorsantana\Desktop\faculdade\backend-mafra\atividade-3\api-contato\src\main\java\com\uninassau\api_contato\ApiContatoApplication.java. Using fallback presentation compiler.
2026.03.16 21:49:48 INFO  no build target found for C:\Users\vitorsantana\Desktop\faculdade\backend-mafra\atividade-3\api-contato\src\main\java\com\uninassau\api_contato\ApiContatoApplication.java. Using fallback presentation compiler.
2026.03.16 21:49:48 INFO  no build target found for C:\Users\vitorsantana\Desktop\faculdade\backend-mafra\atividade-3\api-contato\src\main\java\com\uninassau\api_contato\ApiContatoApplication.java. Using fallback presentation compiler.
2026.03.16 21:49:53 INFO  no build target found for C:\Users\vitorsantana\Desktop\faculdade\backend-mafra\atividade-3\api-contato\src\main\java\com\uninassau\api_contato\ApiContatoApplication.java. Using fallback presentation compiler.
2026.03.16 21:50:02 INFO  no build target found for C:\Users\vitorsantana\Desktop\faculdade\backend-mafra\atividade-3\api-contato\src\main\java\com\uninassau\api_contato\ApiContatoApplication.java. Using fallback presentation compiler.
2026.03.16 21:50:14 INFO  no build target found for C:\Users\vitorsantana\Desktop\faculdade\backend-mafra\atividade-3\api-contato\src\main\java\com\uninassau\api_contato\ApiContatoApplication.java. Using fallback presentation compiler.
2026.03.16 21:50:14 INFO  no build target found for C:\Users\vitorsantana\Desktop\faculdade\backend-mafra\atividade-3\api-contato\src\main\java\com\uninassau\api_contato\ApiContatoApplication.java. Using fallback presentation compiler.
2026.03.16 21:50:15 INFO  no build target found for C:\Users\vitorsantana\Desktop\faculdade\backend-mafra\atividade-3\api-contato\src\main\java\com\uninassau\api_contato\ApiContatoApplication.java. Using fallback presentation compiler.
2026.03.16 21:50:15 INFO  no build target found for C:\Users\vitorsantana\Desktop\faculdade\backend-mafra\atividade-3\api-contato\src\main\java\com\uninassau\api_contato\ApiContatoApplication.java. Using fallback presentation compiler.
2026.03.16 21:50:15 INFO  no build target found for C:\Users\vitorsantana\Desktop\faculdade\backend-mafra\atividade-3\api-contato\src\main\java\com\uninassau\api_contato\ApiContatoApplication.java. Using fallback presentation compiler.
2026.03.16 21:50:16 INFO  no build target found for C:\Users\vitorsantana\Desktop\faculdade\backend-mafra\atividade-3\api-contato\src\main\java\com\uninassau\api_contato\ApiContatoApplication.java. Using fallback presentation compiler.
2026.03.16 21:50:15 INFO  no build target found for C:\Users\vitorsantana\Desktop\faculdade\backend-mafra\atividade-3\api-contato\src\main\java\com\uninassau\api_contato\ApiContatoApplication.java. Using fallback presentation compiler.
2026.03.16 21:50:16 WARN  no build target for: C:\Users\vitorsantana\Desktop\faculdade\backend-mafra\atividade-3\api-contato\src\main\java\com\uninassau\api_contato\ApiContatoApplication.java
2026.03.16 21:50:16 INFO  no build target found for C:\Users\vitorsantana\Desktop\faculdade\backend-mafra\atividade-3\api-contato\src\main\java\com\uninassau\api_contato\ApiContatoApplication.java. Using fallback presentation compiler.
2026.03.16 21:50:17 INFO  no build target found for C:\Users\vitorsantana\Desktop\faculdade\backend-mafra\atividade-3\api-contato\src\main\java\com\uninassau\api_contato\ApiContatoApplication.java. Using fallback presentation compiler.
2026.03.16 21:50:17 INFO  no build target found for C:\Users\vitorsantana\Desktop\faculdade\backend-mafra\atividade-3\api-contato\src\main\java\com\uninassau\api_contato\ApiContatoApplication.java. Using fallback presentation compiler.
2026.03.16 21:50:18 INFO  no build target found for C:\Users\vitorsantana\Desktop\faculdade\backend-mafra\atividade-3\api-contato\src\main\java\com\uninassau\api_contato\ApiContatoApplication.java. Using fallback presentation compiler.
2026.03.16 21:50:18 INFO  no build target found for C:\Users\vitorsantana\Desktop\faculdade\backend-mafra\atividade-3\api-contato\src\main\java\com\uninassau\api_contato\ApiContatoApplication.java. Using fallback presentation compiler.
2026.03.16 21:50:18 INFO  no build target found for C:\Users\vitorsantana\Desktop\faculdade\backend-mafra\atividade-3\api-contato\src\main\java\com\uninassau\api_contato\ApiContatoApplication.java. Using fallback presentation compiler.
2026.03.16 21:50:18 INFO  no build target found for C:\Users\vitorsantana\Desktop\faculdade\backend-mafra\atividade-3\api-contato\src\main\java\com\uninassau\api_contato\ApiContatoApplication.java. Using fallback presentation compiler.
2026.03.16 21:50:19 INFO  no build target found for C:\Users\vitorsantana\Desktop\faculdade\backend-mafra\atividade-3\api-contato\src\main\java\com\uninassau\api_contato\ApiContatoApplication.java. Using fallback presentation compiler.
2026.03.16 21:50:19 INFO  no build target found for C:\Users\vitorsantana\Desktop\faculdade\backend-mafra\atividade-3\api-contato\src\main\java\com\uninassau\api_contato\ApiContatoApplication.java. Using fallback presentation compiler.
2026.03.16 21:50:19 INFO  no build target found for C:\Users\vitorsantana\Desktop\faculdade\backend-mafra\atividade-3\api-contato\src\main\java\com\uninassau\api_contato\ApiContatoApplication.java. Using fallback presentation compiler.
2026.03.16 21:50:19 INFO  no build target found for C:\Users\vitorsantana\Desktop\faculdade\backend-mafra\atividade-3\api-contato\src\main\java\com\uninassau\api_contato\ApiContatoApplication.java. Using fallback presentation compiler.
2026.03.16 21:50:19 INFO  no build target found for C:\Users\vitorsantana\Desktop\faculdade\backend-mafra\atividade-3\api-contato\src\main\java\com\uninassau\api_contato\ApiContatoApplication.java. Using fallback presentation compiler.
2026.03.16 21:50:20 WARN  no build target for: C:\Users\vitorsantana\Desktop\faculdade\backend-mafra\atividade-3\api-contato\src\main\java\com\uninassau\api_contato\ApiContatoApplication.java
2026.03.16 21:50:20 INFO  no build target found for C:\Users\vitorsantana\Desktop\faculdade\backend-mafra\atividade-3\api-contato\src\main\java\com\uninassau\api_contato\ApiContatoApplication.java. Using fallback presentation compiler.
2026.03.16 21:50:20 INFO  Created report: Optional[file:///C:/Users/vitorsantana/Desktop/faculdade/backend-mafra/atividade-3/api-contato/src/main/java/com/uninassau/api_contato/ApiContatoApplication.java]
2026.03.16 21:50:20 INFO  QDox parse error in file:///C:/Users/vitorsantana/Desktop/faculdade/backend-mafra/atividade-3/api-contato/src/main/java/com/uninassau/api_contato/ApiContatoApplication.java (full report at: "C:\Users\vitorsantana\Desktop\faculdade\backend-mafra\atividade-3\.metals\.reports\metals-full\2026-03-16\r_qdox-error_21-50-20-462.md")
2026.03.16 21:50:20 WARN  Running javac-semanticdb failed for file:///C:/Users/vitorsantana/Desktop/faculdade/backend-mafra/atividade-3/api-contato/src/main/java/com/uninassau/api_contato/ApiContatoApplication.java. Output:

2026.03.16 21:50:21 INFO  no build target found for C:\Users\vitorsantana\Desktop\faculdade\backend-mafra\atividade-3\api-contato\src\main\java\com\uninassau\api_contato\ApiContatoApplication.java. Using fallback presentation compiler.
2026.03.16 21:50:21 INFO  no build target found for C:\Users\vitorsantana\Desktop\faculdade\backend-mafra\atividade-3\api-contato\src\main\java\com\uninassau\api_contato\ApiContatoApplication.java. Using fallback presentation compiler.
2026.03.16 21:50:21 INFO  no build target found for C:\Users\vitorsantana\Desktop\faculdade\backend-mafra\atividade-3\api-contato\src\main\java\com\uninassau\api_contato\ApiContatoApplication.java. Using fallback presentation compiler.
2026.03.16 21:50:21 INFO  no build target found for C:\Users\vitorsantana\Desktop\faculdade\backend-mafra\atividade-3\api-contato\src\main\java\com\uninassau\api_contato\ApiContatoApplication.java. Using fallback presentation compiler.
2026.03.16 21:50:22 WARN  no build target for: C:\Users\vitorsantana\Desktop\faculdade\backend-mafra\atividade-3\api-contato\src\main\java\com\uninassau\api_contato\ApiContatoApplication.java
2026.03.16 21:50:22 INFO  QDox parse error in file:///C:/Users/vitorsantana/Desktop/faculdade/backend-mafra/atividade-3/api-contato/src/main/java/com/uninassau/api_contato/ApiContatoApplication.java (full report at: "C:\Users\vitorsantana\Desktop\faculdade\backend-mafra\atividade-3\.metals\.reports\metals-full\2026-03-16\r_qdox-error_21-50-20-462.md")
2026.03.16 21:50:22 INFO  no build target found for C:\Users\vitorsantana\Desktop\faculdade\backend-mafra\atividade-3\api-contato\src\main\java\com\uninassau\api_contato\ApiContatoApplication.java. Using fallback presentation compiler.
2026.03.16 21:50:22 WARN  Running javac-semanticdb failed for file:///C:/Users/vitorsantana/Desktop/faculdade/backend-mafra/atividade-3/api-contato/src/main/java/com/uninassau/api_contato/ApiContatoApplication.java. Output:

2026.03.16 21:50:23 INFO  no build target found for C:\Users\vitorsantana\Desktop\faculdade\backend-mafra\atividade-3\api-contato\src\main\java\com\uninassau\api_contato\ApiContatoApplication.java. Using fallback presentation compiler.
2026.03.16 21:50:23 INFO  no build target found for C:\Users\vitorsantana\Desktop\faculdade\backend-mafra\atividade-3\api-contato\src\main\java\com\uninassau\api_contato\ApiContatoApplication.java. Using fallback presentation compiler.
2026.03.16 21:50:30 INFO  no build target found for C:\Users\vitorsantana\Desktop\faculdade\backend-mafra\atividade-3\api-contato\src\main\java\com\uninassau\api_contato\ApiContatoApplication.java. Using fallback presentation compiler.
2026.03.16 21:50:32 INFO  no build target found for C:\Users\vitorsantana\Desktop\faculdade\backend-mafra\atividade-3\api-contato\src\main\java\com\uninassau\api_contato\ApiContatoApplication.java. Using fallback presentation compiler.
2026.03.16 21:50:33 INFO  no build target found for C:\Users\vitorsantana\Desktop\faculdade\backend-mafra\atividade-3\api-contato\src\main\java\com\uninassau\api_contato\ApiContatoApplication.java. Using fallback presentation compiler.
2026.03.16 21:50:33 INFO  no build target found for C:\Users\vitorsantana\Desktop\faculdade\backend-mafra\atividade-3\api-contato\src\main\java\com\uninassau\api_contato\ApiContatoApplication.java. Using fallback presentation compiler.
2026.03.16 21:50:33 INFO  no build target found for C:\Users\vitorsantana\Desktop\faculdade\backend-mafra\atividade-3\api-contato\src\main\java\com\uninassau\api_contato\ApiContatoApplication.java. Using fallback presentation compiler.
2026.03.16 21:50:33 INFO  no build target found for C:\Users\vitorsantana\Desktop\faculdade\backend-mafra\atividade-3\api-contato\src\main\java\com\uninassau\api_contato\ApiContatoApplication.java. Using fallback presentation compiler.
2026.03.16 21:50:33 INFO  no build target found for C:\Users\vitorsantana\Desktop\faculdade\backend-mafra\atividade-3\api-contato\src\main\java\com\uninassau\api_contato\ApiContatoApplication.java. Using fallback presentation compiler.
2026.03.16 21:50:33 INFO  no build target found for C:\Users\vitorsantana\Desktop\faculdade\backend-mafra\atividade-3\api-contato\src\main\java\com\uninassau\api_contato\ApiContatoApplication.java. Using fallback presentation compiler.
2026.03.16 21:50:34 INFO  no build target found for C:\Users\vitorsantana\Desktop\faculdade\backend-mafra\atividade-3\api-contato\src\main\java\com\uninassau\api_contato\ApiContatoApplication.java. Using fallback presentation compiler.
2026.03.16 21:50:34 WARN  no build target for: C:\Users\vitorsantana\Desktop\faculdade\backend-mafra\atividade-3\api-contato\src\main\java\com\uninassau\api_contato\ApiContatoApplication.java
2026.03.16 21:50:34 INFO  no build target found for C:\Users\vitorsantana\Desktop\faculdade\backend-mafra\atividade-3\api-contato\src\main\java\com\uninassau\api_contato\ApiContatoApplication.java. Using fallback presentation compiler.
2026.03.16 21:50:34 INFO  no build target found for C:\Users\vitorsantana\Desktop\faculdade\backend-mafra\atividade-3\api-contato\src\main\java\com\uninassau\api_contato\ApiContatoApplication.java. Using fallback presentation compiler.
2026.03.16 21:50:34 INFO  no build target found for C:\Users\vitorsantana\Desktop\faculdade\backend-mafra\atividade-3\api-contato\src\main\java\com\uninassau\api_contato\ApiContatoApplication.java. Using fallback presentation compiler.
2026.03.16 21:50:35 INFO  no build target found for C:\Users\vitorsantana\Desktop\faculdade\backend-mafra\atividade-3\api-contato\src\main\java\com\uninassau\api_contato\ApiContatoApplication.java. Using fallback presentation compiler.
2026.03.16 21:50:35 INFO  no build target found for C:\Users\vitorsantana\Desktop\faculdade\backend-mafra\atividade-3\api-contato\src\main\java\com\uninassau\api_contato\ApiContatoApplication.java. Using fallback presentation compiler.
2026.03.16 21:50:36 INFO  no build target found for C:\Users\vitorsantana\Desktop\faculdade\backend-mafra\atividade-3\api-contato\src\main\java\com\uninassau\api_contato\ApiContatoApplication.java. Using fallback presentation compiler.
2026.03.16 21:50:48 INFO  no build target found for C:\Users\vitorsantana\Desktop\faculdade\backend-mafra\atividade-3\api-contato\src\main\java\com\uninassau\api_contato\ApiContatoApplication.java. Using fallback presentation compiler.
2026.03.16 21:50:48 INFO  no build target found for C:\Users\vitorsantana\Desktop\faculdade\backend-mafra\atividade-3\api-contato\src\main\java\com\uninassau\api_contato\ApiContatoApplication.java. Using fallback presentation compiler.
2026.03.16 21:50:48 INFO  no build target found for C:\Users\vitorsantana\Desktop\faculdade\backend-mafra\atividade-3\api-contato\src\main\java\com\uninassau\api_contato\ApiContatoApplication.java. Using fallback presentation compiler.
2026.03.16 21:50:49 INFO  no build target found for C:\Users\vitorsantana\Desktop\faculdade\backend-mafra\atividade-3\api-contato\src\main\java\com\uninassau\api_contato\ApiContatoApplication.java. Using fallback presentation compiler.
2026.03.16 21:50:49 INFO  no build target found for C:\Users\vitorsantana\Desktop\faculdade\backend-mafra\atividade-3\api-contato\src\main\java\com\uninassau\api_contato\ApiContatoApplication.java. Using fallback presentation compiler.
2026.03.16 21:50:49 INFO  no build target found for C:\Users\vitorsantana\Desktop\faculdade\backend-mafra\atividade-3\api-contato\src\main\java\com\uninassau\api_contato\ApiContatoApplication.java. Using fallback presentation compiler.
2026.03.16 21:50:50 WARN  no build target for: C:\Users\vitorsantana\Desktop\faculdade\backend-mafra\atividade-3\api-contato\src\main\java\com\uninassau\api_contato\ApiContatoApplication.java
2026.03.16 21:50:50 INFO  no build target found for C:\Users\vitorsantana\Desktop\faculdade\backend-mafra\atividade-3\api-contato\src\main\java\com\uninassau\api_contato\ApiContatoApplication.java. Using fallback presentation compiler.
2026.03.16 21:50:49 INFO  no build target found for C:\Users\vitorsantana\Desktop\faculdade\backend-mafra\atividade-3\api-contato\src\main\java\com\uninassau\api_contato\ApiContatoApplication.java. Using fallback presentation compiler.
2026.03.16 21:50:51 INFO  no build target found for C:\Users\vitorsantana\Desktop\faculdade\backend-mafra\atividade-3\api-contato\src\main\java\com\uninassau\api_contato\ApiContatoApplication.java. Using fallback presentation compiler.
2026.03.16 21:50:51 INFO  no build target found for C:\Users\vitorsantana\Desktop\faculdade\backend-mafra\atividade-3\api-contato\src\main\java\com\uninassau\api_contato\ApiContatoApplication.java. Using fallback presentation compiler.
2026.03.16 21:50:51 INFO  no build target found for C:\Users\vitorsantana\Desktop\faculdade\backend-mafra\atividade-3\api-contato\src\main\java\com\uninassau\api_contato\ApiContatoApplication.java. Using fallback presentation compiler.
2026.03.16 21:50:55 INFO  no build target found for C:\Users\vitorsantana\Desktop\faculdade\backend-mafra\atividade-3\api-contato\src\main\java\com\uninassau\api_contato\ApiContatoApplication.java. Using fallback presentation compiler.
2026.03.16 21:50:57 INFO  no build target found for C:\Users\vitorsantana\Desktop\faculdade\backend-mafra\atividade-3\api-contato\src\main\java\com\uninassau\api_contato\ApiContatoApplication.java. Using fallback presentation compiler.
2026.03.16 21:51:01 INFO  no build target found for C:\Users\vitorsantana\Desktop\faculdade\backend-mafra\atividade-3\api-contato\src\main\java\com\uninassau\api_contato\ApiContatoApplication.java. Using fallback presentation compiler.
2026.03.16 21:51:01 INFO  no build target found for C:\Users\vitorsantana\Desktop\faculdade\backend-mafra\atividade-3\api-contato\src\main\java\com\uninassau\api_contato\ApiContatoApplication.java. Using fallback presentation compiler.
2026.03.16 21:51:04 INFO  no build target found for C:\Users\vitorsantana\Desktop\faculdade\backend-mafra\atividade-3\api-contato\src\main\java\com\uninassau\api_contato\ApiContatoApplication.java. Using fallback presentation compiler.
2026.03.16 21:51:09 INFO  no build target found for C:\Users\vitorsantana\Desktop\faculdade\backend-mafra\atividade-3\api-contato\src\main\java\com\uninassau\api_contato\ApiContatoApplication.java. Using fallback presentation compiler.
2026.03.16 21:51:09 INFO  no build target found for C:\Users\vitorsantana\Desktop\faculdade\backend-mafra\atividade-3\api-contato\src\main\java\com\uninassau\api_contato\ApiContatoApplication.java. Using fallback presentation compiler.
2026.03.16 21:51:09 INFO  no build target found for C:\Users\vitorsantana\Desktop\faculdade\backend-mafra\atividade-3\api-contato\src\main\java\com\uninassau\api_contato\ApiContatoApplication.java. Using fallback presentation compiler.
2026.03.16 21:51:09 INFO  no build target found for C:\Users\vitorsantana\Desktop\faculdade\backend-mafra\atividade-3\api-contato\src\main\java\com\uninassau\api_contato\ApiContatoApplication.java. Using fallback presentation compiler.
2026.03.16 21:51:09 INFO  no build target found for C:\Users\vitorsantana\Desktop\faculdade\backend-mafra\atividade-3\api-contato\src\main\java\com\uninassau\api_contato\ApiContatoApplication.java. Using fallback presentation compiler.
2026.03.16 21:51:10 WARN  no build target for: C:\Users\vitorsantana\Desktop\faculdade\backend-mafra\atividade-3\api-contato\src\main\java\com\uninassau\api_contato\ApiContatoApplication.java
2026.03.16 21:51:10 INFO  no build target found for C:\Users\vitorsantana\Desktop\faculdade\backend-mafra\atividade-3\api-contato\src\main\java\com\uninassau\api_contato\ApiContatoApplication.java. Using fallback presentation compiler.
2026.03.16 21:51:10 INFO  no build target found for C:\Users\vitorsantana\Desktop\faculdade\backend-mafra\atividade-3\api-contato\src\main\java\com\uninassau\api_contato\ApiContatoApplication.java. Using fallback presentation compiler.
2026.03.16 21:51:11 INFO  no build target found for C:\Users\vitorsantana\Desktop\faculdade\backend-mafra\atividade-3\api-contato\src\main\java\com\uninassau\api_contato\ApiContatoApplication.java. Using fallback presentation compiler.
2026.03.16 21:51:11 WARN  no build target for: C:\Users\vitorsantana\Desktop\faculdade\backend-mafra\atividade-3\api-contato\src\main\java\com\uninassau\api_contato\ApiContatoApplication.java
2026.03.16 21:51:11 INFO  no build target found for C:\Users\vitorsantana\Desktop\faculdade\backend-mafra\atividade-3\api-contato\src\main\java\com\uninassau\api_contato\ApiContatoApplication.java. Using fallback presentation compiler.
2026.03.16 21:51:12 INFO  no build target found for C:\Users\vitorsantana\Desktop\faculdade\backend-mafra\atividade-3\api-contato\src\main\java\com\uninassau\api_contato\ApiContatoApplication.java. Using fallback presentation compiler.
2026.03.16 21:51:12 INFO  no build target found for C:\Users\vitorsantana\Desktop\faculdade\backend-mafra\atividade-3\api-contato\src\main\java\com\uninassau\api_contato\ApiContatoApplication.java. Using fallback presentation compiler.
2026.03.16 21:51:12 INFO  no build target found for C:\Users\vitorsantana\Desktop\faculdade\backend-mafra\atividade-3\api-contato\src\main\java\com\uninassau\api_contato\ApiContatoApplication.java. Using fallback presentation compiler.
2026.03.16 21:51:12 INFO  no build target found for C:\Users\vitorsantana\Desktop\faculdade\backend-mafra\atividade-3\api-contato\src\main\java\com\uninassau\api_contato\ApiContatoApplication.java. Using fallback presentation compiler.
2026.03.16 21:51:12 INFO  no build target found for C:\Users\vitorsantana\Desktop\faculdade\backend-mafra\atividade-3\api-contato\src\main\java\com\uninassau\api_contato\ApiContatoApplication.java. Using fallback presentation compiler.
2026.03.16 21:51:12 INFO  Created report: Optional[file:///C:/Users/vitorsantana/Desktop/faculdade/backend-mafra/atividade-3/api-contato/src/main/java/com/uninassau/api_contato/ApiContatoApplication.java]
2026.03.16 21:51:12 INFO  empty definition using pc, found symbol in pc: org/springframework/web/bind/annotation/RestController# (full report at: "C:\Users\vitorsantana\Desktop\faculdade\backend-mafra\atividade-3\.metals\.reports\metals-full\2026-03-16\r_empty-definition_21-51-13-652.md")
2026.03.16 21:51:12 INFO  no build target found for C:\Users\vitorsantana\Desktop\faculdade\backend-mafra\atividade-3\api-contato\src\main\java\com\uninassau\api_contato\ApiContatoApplication.java. Using fallback presentation compiler.
2026.03.16 21:51:13 INFO  no build target found for C:\Users\vitorsantana\Desktop\faculdade\backend-mafra\atividade-3\api-contato\src\main\java\com\uninassau\api_contato\ApiContatoApplication.java. Using fallback presentation compiler.
2026.03.16 21:51:13 WARN  no build target for: C:\Users\vitorsantana\Desktop\faculdade\backend-mafra\atividade-3\api-contato\src\main\java\com\uninassau\api_contato\ApiContatoApplication.java
2026.03.16 21:51:13 INFO  no build target found for C:\Users\vitorsantana\Desktop\faculdade\backend-mafra\atividade-3\api-contato\src\main\java\com\uninassau\api_contato\ApiContatoApplication.java. Using fallback presentation compiler.
2026.03.16 21:51:13 INFO  Created report: Optional[file:///C:/Users/vitorsantana/Desktop/faculdade/backend-mafra/atividade-3/api-contato/src/main/java/com/uninassau/api_contato/ApiContatoApplication.java]
2026.03.16 21:51:13 INFO  empty definition using pc, found symbol in pc: org/springframework/web/bind/annotation/GetMapping# (full report at: "C:\Users\vitorsantana\Desktop\faculdade\backend-mafra\atividade-3\.metals\.reports\metals-full\2026-03-16\r_empty-definition_21-51-13-813.md")
2026.03.16 21:51:13 INFO  no build target found for C:\Users\vitorsantana\Desktop\faculdade\backend-mafra\atividade-3\api-contato\src\main\java\com\uninassau\api_contato\ApiContatoApplication.java. Using fallback presentation compiler.
2026.03.16 21:51:13 INFO  Created report: Optional[file:///C:/Users/vitorsantana/Desktop/faculdade/backend-mafra/atividade-3/api-contato/src/main/java/com/uninassau/api_contato/ApiContatoApplication.java]
2026.03.16 21:51:13 INFO  empty definition using pc, found symbol in pc: org/springframework/web/bind/annotation/PostMapping# (full report at: "C:\Users\vitorsantana\Desktop\faculdade\backend-mafra\atividade-3\.metals\.reports\metals-full\2026-03-16\r_empty-definition_21-51-14-070.md")
2026.03.16 21:51:15 INFO  no build target found for C:\Users\vitorsantana\Desktop\faculdade\backend-mafra\atividade-3\api-contato\src\main\java\com\uninassau\api_contato\ApiContatoApplication.java. Using fallback presentation compiler.
2026.03.16 21:51:15 INFO  no build target found for C:\Users\vitorsantana\Desktop\faculdade\backend-mafra\atividade-3\api-contato\src\main\java\com\uninassau\api_contato\ApiContatoApplication.java. Using fallback presentation compiler.
2026.03.16 21:51:17 INFO  no build target found for C:\Users\vitorsantana\Desktop\faculdade\backend-mafra\atividade-3\api-contato\src\main\java\com\uninassau\api_contato\ApiContatoApplication.java. Using fallback presentation compiler.
2026.03.16 21:51:17 INFO  no build target found for C:\Users\vitorsantana\Desktop\faculdade\backend-mafra\atividade-3\api-contato\src\main\java\com\uninassau\api_contato\ApiContatoApplication.java. Using fallback presentation compiler.
mar. 16, 2026 9:51:17 PM org.eclipse.lsp4j.jsonrpc.RemoteEndpoint handleCancellation
WARNING: Unmatched cancel notification for request id 229
2026.03.16 21:51:17 INFO  no build target found for C:\Users\vitorsantana\Desktop\faculdade\backend-mafra\atividade-3\api-contato\src\main\java\com\uninassau\api_contato\ApiContatoApplication.java. Using fallback presentation compiler.
2026.03.16 21:51:17 INFO  no build target found for C:\Users\vitorsantana\Desktop\faculdade\backend-mafra\atividade-3\api-contato\src\main\java\com\uninassau\api_contato\ApiContatoApplication.java. Using fallback presentation compiler.
2026.03.16 21:51:17 INFO  no build target found for C:\Users\vitorsantana\Desktop\faculdade\backend-mafra\atividade-3\api-contato\src\main\java\com\uninassau\api_contato\ApiContatoApplication.java. Using fallback presentation compiler.
2026.03.16 21:51:20 INFO  no build target found for C:\Users\vitorsantana\Desktop\faculdade\backend-mafra\atividade-3\api-contato\src\main\java\com\uninassau\api_contato\ApiContatoApplication.java. Using fallback presentation compiler.
2026.03.16 21:51:20 INFO  no build target found for C:\Users\vitorsantana\Desktop\faculdade\backend-mafra\atividade-3\api-contato\src\main\java\com\uninassau\api_contato\ApiContatoApplication.java. Using fallback presentation compiler.
2026.03.16 21:51:21 INFO  no build target found for C:\Users\vitorsantana\Desktop\faculdade\backend-mafra\atividade-3\api-contato\src\main\java\com\uninassau\api_contato\ApiContatoApplication.java. Using fallback presentation compiler.
2026.03.16 21:51:21 INFO  no build target found for C:\Users\vitorsantana\Desktop\faculdade\backend-mafra\atividade-3\api-contato\src\main\java\com\uninassau\api_contato\ApiContatoApplication.java. Using fallback presentation compiler.
2026.03.16 21:51:21 INFO  no build target found for C:\Users\vitorsantana\Desktop\faculdade\backend-mafra\atividade-3\api-contato\src\main\java\com\uninassau\api_contato\ApiContatoApplication.java. Using fallback presentation compiler.
2026.03.16 21:51:21 INFO  no build target found for C:\Users\vitorsantana\Desktop\faculdade\backend-mafra\atividade-3\api-contato\src\main\java\com\uninassau\api_contato\ApiContatoApplication.java. Using fallback presentation compiler.
2026.03.16 21:51:21 INFO  no build target found for C:\Users\vitorsantana\Desktop\faculdade\backend-mafra\atividade-3\api-contato\src\main\java\com\uninassau\api_contato\ApiContatoApplication.java. Using fallback presentation compiler.
2026.03.16 21:51:21 WARN  no build target for: C:\Users\vitorsantana\Desktop\faculdade\backend-mafra\atividade-3\api-contato\src\main\java\com\uninassau\api_contato\ApiContatoApplication.java
2026.03.16 21:51:22 INFO  QDox parse error in file:///C:/Users/vitorsantana/Desktop/faculdade/backend-mafra/atividade-3/api-contato/src/main/java/com/uninassau/api_contato/ApiContatoApplication.java (full report at: "C:\Users\vitorsantana\Desktop\faculdade\backend-mafra\atividade-3\.metals\.reports\metals-full\2026-03-16\r_qdox-error_21-50-20-462.md")
2026.03.16 21:51:21 INFO  no build target found for C:\Users\vitorsantana\Desktop\faculdade\backend-mafra\atividade-3\api-contato\src\main\java\com\uninassau\api_contato\ApiContatoApplication.java. Using fallback presentation compiler.
2026.03.16 21:51:22 WARN  Running javac-semanticdb failed for file:///C:/Users/vitorsantana/Desktop/faculdade/backend-mafra/atividade-3/api-contato/src/main/java/com/uninassau/api_contato/ApiContatoApplication.java. Output:

2026.03.16 21:51:23 INFO  no build target found for C:\Users\vitorsantana\Desktop\faculdade\backend-mafra\atividade-3\api-contato\src\main\java\com\uninassau\api_contato\ApiContatoApplication.java. Using fallback presentation compiler.
2026.03.16 21:51:25 INFO  no build target found for C:\Users\vitorsantana\Desktop\faculdade\backend-mafra\atividade-3\api-contato\src\main\java\com\uninassau\api_contato\ApiContatoApplication.java. Using fallback presentation compiler.
2026.03.16 21:51:25 INFO  no build target found for C:\Users\vitorsantana\Desktop\faculdade\backend-mafra\atividade-3\api-contato\src\main\java\com\uninassau\api_contato\ApiContatoApplication.java. Using fallback presentation compiler.
2026.03.16 21:51:25 INFO  no build target found for C:\Users\vitorsantana\Desktop\faculdade\backend-mafra\atividade-3\api-contato\src\main\java\com\uninassau\api_contato\ApiContatoApplication.java. Using fallback presentation compiler.
2026.03.16 21:51:25 INFO  no build target found for C:\Users\vitorsantana\Desktop\faculdade\backend-mafra\atividade-3\api-contato\src\main\java\com\uninassau\api_contato\ApiContatoApplication.java. Using fallback presentation compiler.
2026.03.16 21:51:25 INFO  no build target found for C:\Users\vitorsantana\Desktop\faculdade\backend-mafra\atividade-3\api-contato\src\main\java\com\uninassau\api_contato\ApiContatoApplication.java. Using fallback presentation compiler.
2026.03.16 21:51:26 INFO  no build target found for C:\Users\vitorsantana\Desktop\faculdade\backend-mafra\atividade-3\api-contato\src\main\java\com\uninassau\api_contato\ApiContatoApplication.java. Using fallback presentation compiler.
2026.03.16 21:51:26 INFO  no build target found for C:\Users\vitorsantana\Desktop\faculdade\backend-mafra\atividade-3\api-contato\src\main\java\com\uninassau\api_contato\ApiContatoApplication.java. Using fallback presentation compiler.
2026.03.16 21:51:27 WARN  no build target for: C:\Users\vitorsantana\Desktop\faculdade\backend-mafra\atividade-3\api-contato\src\main\java\com\uninassau\api_contato\ApiContatoApplication.java
2026.03.16 21:51:28 INFO  no build target found for C:\Users\vitorsantana\Desktop\faculdade\backend-mafra\atividade-3\api-contato\src\main\java\com\uninassau\api_contato\ApiContatoApplication.java. Using fallback presentation compiler.
2026.03.16 21:51:33 INFO  no build target found for C:\Users\vitorsantana\Desktop\faculdade\backend-mafra\atividade-3\api-contato\src\main\java\com\uninassau\api_contato\ApiContatoApplication.java. Using fallback presentation compiler.
2026.03.16 21:51:33 INFO  no build target found for C:\Users\vitorsantana\Desktop\faculdade\backend-mafra\atividade-3\api-contato\src\main\java\com\uninassau\api_contato\ApiContatoApplication.java. Using fallback presentation compiler.
2026.03.16 21:51:34 INFO  no build target found for C:\Users\vitorsantana\Desktop\faculdade\backend-mafra\atividade-3\api-contato\src\main\java\com\uninassau\api_contato\ApiContatoApplication.java. Using fallback presentation compiler.
2026.03.16 21:51:34 INFO  no build target found for C:\Users\vitorsantana\Desktop\faculdade\backend-mafra\atividade-3\api-contato\src\main\java\com\uninassau\api_contato\ApiContatoApplication.java. Using fallback presentation compiler.
2026.03.16 21:51:58 INFO  no build target found for C:\Users\vitorsantana\Desktop\faculdade\backend-mafra\atividade-3\api-contato\src\main\java\com\uninassau\api_contato\ApiContatoApplication.java. Using fallback presentation compiler.
2026.03.16 21:51:59 INFO  no build target found for C:\Users\vitorsantana\Desktop\faculdade\backend-mafra\atividade-3\api-contato\src\main\java\com\uninassau\api_contato\ApiContatoApplication.java. Using fallback presentation compiler.
2026.03.16 21:51:59 INFO  no build target found for C:\Users\vitorsantana\Desktop\faculdade\backend-mafra\atividade-3\api-contato\src\main\java\com\uninassau\api_contato\ApiContatoApplication.java. Using fallback presentation compiler.
2026.03.16 21:51:59 INFO  no build target found for C:\Users\vitorsantana\Desktop\faculdade\backend-mafra\atividade-3\api-contato\src\main\java\com\uninassau\api_contato\ApiContatoApplication.java. Using fallback presentation compiler.
2026.03.16 21:51:59 INFO  no build target found for C:\Users\vitorsantana\Desktop\faculdade\backend-mafra\atividade-3\api-contato\src\main\java\com\uninassau\api_contato\ApiContatoApplication.java. Using fallback presentation compiler.
2026.03.16 21:52:00 INFO  no build target found for C:\Users\vitorsantana\Desktop\faculdade\backend-mafra\atividade-3\api-contato\src\main\java\com\uninassau\api_contato\ApiContatoApplication.java. Using fallback presentation compiler.
2026.03.16 21:52:00 INFO  no build target found for C:\Users\vitorsantana\Desktop\faculdade\backend-mafra\atividade-3\api-contato\src\main\java\com\uninassau\api_contato\ApiContatoApplication.java. Using fallback presentation compiler.
2026.03.16 21:52:00 INFO  no build target found for C:\Users\vitorsantana\Desktop\faculdade\backend-mafra\atividade-3\api-contato\src\main\java\com\uninassau\api_contato\ApiContatoApplication.java. Using fallback presentation compiler.
2026.03.16 21:52:00 INFO  no build target found for C:\Users\vitorsantana\Desktop\faculdade\backend-mafra\atividade-3\api-contato\src\main\java\com\uninassau\api_contato\ApiContatoApplication.java. Using fallback presentation compiler.
2026.03.16 21:52:00 INFO  no build target found for C:\Users\vitorsantana\Desktop\faculdade\backend-mafra\atividade-3\api-contato\src\main\java\com\uninassau\api_contato\ApiContatoApplication.java. Using fallback presentation compiler.
2026.03.16 21:52:00 WARN  no build target for: C:\Users\vitorsantana\Desktop\faculdade\backend-mafra\atividade-3\api-contato\src\main\java\com\uninassau\api_contato\ApiContatoApplication.java
2026.03.16 21:52:00 INFO  no build target found for C:\Users\vitorsantana\Desktop\faculdade\backend-mafra\atividade-3\api-contato\src\main\java\com\uninassau\api_contato\ApiContatoApplication.java. Using fallback presentation compiler.
2026.03.16 21:52:01 INFO  no build target found for C:\Users\vitorsantana\Desktop\faculdade\backend-mafra\atividade-3\api-contato\src\main\java\com\uninassau\api_contato\ApiContatoApplication.java. Using fallback presentation compiler.
2026.03.16 21:52:01 INFO  no build target found for C:\Users\vitorsantana\Desktop\faculdade\backend-mafra\atividade-3\api-contato\src\main\java\com\uninassau\api_contato\ApiContatoApplication.java. Using fallback presentation compiler.
2026.03.16 21:52:02 INFO  no build target found for C:\Users\vitorsantana\Desktop\faculdade\backend-mafra\atividade-3\api-contato\src\main\java\com\uninassau\api_contato\ApiContatoApplication.java. Using fallback presentation compiler.
2026.03.16 21:52:04 INFO  no build target found for C:\Users\vitorsantana\Desktop\faculdade\backend-mafra\atividade-3\api-contato\src\main\java\com\uninassau\api_contato\ApiContatoApplication.java. Using fallback presentation compiler.
2026.03.16 21:52:09 INFO  no build target found for C:\Users\vitorsantana\Desktop\faculdade\backend-mafra\atividade-3\api-contato\src\main\java\com\uninassau\api_contato\ApiContatoApplication.java. Using fallback presentation compiler.
2026.03.16 21:52:09 INFO  no build target found for C:\Users\vitorsantana\Desktop\faculdade\backend-mafra\atividade-3\api-contato\src\main\java\com\uninassau\api_contato\ApiContatoApplication.java. Using fallback presentation compiler.
2026.03.16 21:52:11 INFO  no build target found for C:\Users\vitorsantana\Desktop\faculdade\backend-mafra\atividade-3\api-contato\src\main\java\com\uninassau\api_contato\ApiContatoApplication.java. Using fallback presentation compiler.
2026.03.16 21:52:12 WARN  no build target for: C:\Users\vitorsantana\Desktop\faculdade\backend-mafra\atividade-3\api-contato\src\main\java\com\uninassau\api_contato\ApiContatoApplication.java
2026.03.16 21:52:12 INFO  no build target found for C:\Users\vitorsantana\Desktop\faculdade\backend-mafra\atividade-3\api-contato\src\main\java\com\uninassau\api_contato\ApiContatoApplication.java. Using fallback presentation compiler.
2026.03.16 21:52:13 INFO  no build target found for C:\Users\vitorsantana\Desktop\faculdade\backend-mafra\atividade-3\api-contato\src\main\java\com\uninassau\api_contato\ApiContatoApplication.java. Using fallback presentation compiler.
2026.03.16 21:52:13 INFO  no build target found for C:\Users\vitorsantana\Desktop\faculdade\backend-mafra\atividade-3\api-contato\src\main\java\com\uninassau\api_contato\ApiContatoApplication.java. Using fallback presentation compiler.
2026.03.16 21:52:13 INFO  no build target found for C:\Users\vitorsantana\Desktop\faculdade\backend-mafra\atividade-3\api-contato\src\main\java\com\uninassau\api_contato\ApiContatoApplication.java. Using fallback presentation compiler.
2026.03.16 21:52:13 INFO  no build target found for C:\Users\vitorsantana\Desktop\faculdade\backend-mafra\atividade-3\api-contato\src\main\java\com\uninassau\api_contato\ApiContatoApplication.java. Using fallback presentation compiler.
2026.03.16 21:52:14 INFO  no build target found for C:\Users\vitorsantana\Desktop\faculdade\backend-mafra\atividade-3\api-contato\src\main\java\com\uninassau\api_contato\ApiContatoApplication.java. Using fallback presentation compiler.
2026.03.16 21:52:14 WARN  no build target for: C:\Users\vitorsantana\Desktop\faculdade\backend-mafra\atividade-3\api-contato\src\main\java\com\uninassau\api_contato\ApiContatoApplication.java
2026.03.16 21:52:14 INFO  no build target found for C:\Users\vitorsantana\Desktop\faculdade\backend-mafra\atividade-3\api-contato\src\main\java\com\uninassau\api_contato\ApiContatoApplication.java. Using fallback presentation compiler.
2026.03.16 21:52:14 INFO  no build target found for C:\Users\vitorsantana\Desktop\faculdade\backend-mafra\atividade-3\api-contato\src\main\java\com\uninassau\api_contato\ApiContatoApplication.java. Using fallback presentation compiler.
2026.03.16 21:52:14 INFO  no build target found for C:\Users\vitorsantana\Desktop\faculdade\backend-mafra\atividade-3\api-contato\src\main\java\com\uninassau\api_contato\ApiContatoApplication.java. Using fallback presentation compiler.
2026.03.16 21:52:14 INFO  Created report: Optional[file:///C:/Users/vitorsantana/Desktop/faculdade/backend-mafra/atividade-3/api-contato/src/main/java/com/uninassau/api_contato/ApiContatoApplication.java]
2026.03.16 21:52:14 INFO  empty definition using pc, found symbol in pc: org/springframework/boot/autoconfigure/SpringBootApplication# (full report at: "C:\Users\vitorsantana\Desktop\faculdade\backend-mafra\atividade-3\.metals\.reports\metals-full\2026-03-16\r_empty-definition_21-52-15-014.md")
2026.03.16 21:52:15 INFO  no build target found for C:\Users\vitorsantana\Desktop\faculdade\backend-mafra\atividade-3\api-contato\src\main\java\com\uninassau\api_contato\ApiContatoApplication.java. Using fallback presentation compiler.
2026.03.16 21:52:15 INFO  no build target found for C:\Users\vitorsantana\Desktop\faculdade\backend-mafra\atividade-3\api-contato\src\main\java\com\uninassau\api_contato\ApiContatoApplication.java. Using fallback presentation compiler.
2026.03.16 21:52:15 INFO  empty definition using pc, found symbol in pc: org/springframework/boot/autoconfigure/SpringBootApplication# (full report at: "C:\Users\vitorsantana\Desktop\faculdade\backend-mafra\atividade-3\.metals\.reports\metals-full\2026-03-16\r_empty-definition_21-52-15-014.md")
2026.03.16 21:52:15 INFO  no build target found for C:\Users\vitorsantana\Desktop\faculdade\backend-mafra\atividade-3\api-contato\src\main\java\com\uninassau\api_contato\ApiContatoApplication.java. Using fallback presentation compiler.
2026.03.16 21:52:15 INFO  no build target found for C:\Users\vitorsantana\Desktop\faculdade\backend-mafra\atividade-3\api-contato\src\main\java\com\uninassau\api_contato\ApiContatoApplication.java. Using fallback presentation compiler.
2026.03.16 21:52:15 INFO  no build target found for C:\Users\vitorsantana\Desktop\faculdade\backend-mafra\atividade-3\api-contato\src\main\java\com\uninassau\api_contato\ApiContatoApplication.java. Using fallback presentation compiler.
2026.03.16 21:52:16 INFO  no build target found for C:\Users\vitorsantana\Desktop\faculdade\backend-mafra\atividade-3\api-contato\src\main\java\com\uninassau\api_contato\ApiContatoApplication.java. Using fallback presentation compiler.
2026.03.16 21:52:16 INFO  no build target found for C:\Users\vitorsantana\Desktop\faculdade\backend-mafra\atividade-3\api-contato\src\main\java\com\uninassau\api_contato\ApiContatoApplication.java. Using fallback presentation compiler.
2026.03.16 21:52:16 WARN  no build target for: C:\Users\vitorsantana\Desktop\faculdade\backend-mafra\atividade-3\api-contato\src\main\java\com\uninassau\api_contato\ApiContatoApplication.java
2026.03.16 21:52:16 INFO  no build target found for C:\Users\vitorsantana\Desktop\faculdade\backend-mafra\atividade-3\api-contato\src\main\java\com\uninassau\api_contato\ApiContatoApplication.java. Using fallback presentation compiler.
2026.03.16 21:52:16 INFO  no build target found for C:\Users\vitorsantana\Desktop\faculdade\backend-mafra\atividade-3\api-contato\src\main\java\com\uninassau\api_contato\ApiContatoApplication.java. Using fallback presentation compiler.
2026.03.16 21:52:17 INFO  no build target found for C:\Users\vitorsantana\Desktop\faculdade\backend-mafra\atividade-3\api-contato\src\main\java\com\uninassau\api_contato\ApiContatoApplication.java. Using fallback presentation compiler.
2026.03.16 21:52:17 INFO  no build target found for C:\Users\vitorsantana\Desktop\faculdade\backend-mafra\atividade-3\api-contato\src\main\java\com\uninassau\api_contato\ApiContatoApplication.java. Using fallback presentation compiler.
2026.03.16 21:52:17 INFO  no build target found for C:\Users\vitorsantana\Desktop\faculdade\backend-mafra\atividade-3\api-contato\src\main\java\com\uninassau\api_contato\ApiContatoApplication.java. Using fallback presentation compiler.
2026.03.16 21:52:28 INFO  no build target found for C:\Users\vitorsantana\Desktop\faculdade\backend-mafra\atividade-3\api-contato\src\main\java\com\uninassau\api_contato\ApiContatoApplication.java. Using fallback presentation compiler.
2026.03.16 21:52:28 INFO  no build target found for C:\Users\vitorsantana\Desktop\faculdade\backend-mafra\atividade-3\api-contato\src\main\java\com\uninassau\api_contato\ApiContatoApplication.java. Using fallback presentation compiler.
2026.03.16 21:52:29 INFO  no build target found for C:\Users\vitorsantana\Desktop\faculdade\backend-mafra\atividade-3\api-contato\src\main\java\com\uninassau\api_contato\ApiContatoApplication.java. Using fallback presentation compiler.
2026.03.16 21:52:34 INFO  no build target found for C:\Users\vitorsantana\Desktop\faculdade\backend-mafra\atividade-3\api-contato\src\main\java\com\uninassau\api_contato\ApiContatoApplication.java. Using fallback presentation compiler.
2026.03.16 21:52:34 INFO  no build target found for C:\Users\vitorsantana\Desktop\faculdade\backend-mafra\atividade-3\api-contato\src\main\java\com\uninassau\api_contato\ApiContatoApplication.java. Using fallback presentation compiler.
2026.03.16 21:52:36 INFO  no build target found for C:\Users\vitorsantana\Desktop\faculdade\backend-mafra\atividade-3\api-contato\src\main\java\com\uninassau\api_contato\ApiContatoApplication.java. Using fallback presentation compiler.
2026.03.16 21:52:36 INFO  no build target found for C:\Users\vitorsantana\Desktop\faculdade\backend-mafra\atividade-3\api-contato\src\main\java\com\uninassau\api_contato\ApiContatoApplication.java. Using fallback presentation compiler.
2026.03.16 21:52:36 INFO  no build target found for C:\Users\vitorsantana\Desktop\faculdade\backend-mafra\atividade-3\api-contato\src\main\java\com\uninassau\api_contato\ApiContatoApplication.java. Using fallback presentation compiler.
2026.03.16 21:52:36 INFO  no build target found for C:\Users\vitorsantana\Desktop\faculdade\backend-mafra\atividade-3\api-contato\src\main\java\com\uninassau\api_contato\ApiContatoApplication.java. Using fallback presentation compiler.
2026.03.16 21:52:36 INFO  no build target found for C:\Users\vitorsantana\Desktop\faculdade\backend-mafra\atividade-3\api-contato\src\main\java\com\uninassau\api_contato\ApiContatoApplication.java. Using fallback presentation compiler.
2026.03.16 21:52:36 INFO  no build target found for C:\Users\vitorsantana\Desktop\faculdade\backend-mafra\atividade-3\api-contato\src\main\java\com\uninassau\api_contato\ApiContatoApplication.java. Using fallback presentation compiler.
2026.03.16 21:52:36 INFO  no build target found for C:\Users\vitorsantana\Desktop\faculdade\backend-mafra\atividade-3\api-contato\src\main\java\com\uninassau\api_contato\ApiContatoApplication.java. Using fallback presentation compiler.
2026.03.16 21:52:36 INFO  no build target found for C:\Users\vitorsantana\Desktop\faculdade\backend-mafra\atividade-3\api-contato\src\main\java\com\uninassau\api_contato\ApiContatoApplication.java. Using fallback presentation compiler.
2026.03.16 21:52:37 INFO  no build target found for C:\Users\vitorsantana\Desktop\faculdade\backend-mafra\atividade-3\api-contato\src\main\java\com\uninassau\api_contato\ApiContatoApplication.java. Using fallback presentation compiler.
2026.03.16 21:52:36 WARN  no build target for: C:\Users\vitorsantana\Desktop\faculdade\backend-mafra\atividade-3\api-contato\src\main\java\com\uninassau\api_contato\ApiContatoApplication.java
2026.03.16 21:52:37 INFO  no build target found for C:\Users\vitorsantana\Desktop\faculdade\backend-mafra\atividade-3\api-contato\src\main\java\com\uninassau\api_contato\ApiContatoApplication.java. Using fallback presentation compiler.
2026.03.16 21:52:38 INFO  no build target found for C:\Users\vitorsantana\Desktop\faculdade\backend-mafra\atividade-3\api-contato\src\main\java\com\uninassau\api_contato\ApiContatoApplication.java. Using fallback presentation compiler.
2026.03.16 21:52:38 INFO  no build target found for C:\Users\vitorsantana\Desktop\faculdade\backend-mafra\atividade-3\api-contato\src\main\java\com\uninassau\api_contato\ApiContatoApplication.java. Using fallback presentation compiler.
2026.03.16 21:52:38 INFO  no build target found for C:\Users\vitorsantana\Desktop\faculdade\backend-mafra\atividade-3\api-contato\src\main\java\com\uninassau\api_contato\ApiContatoApplication.java. Using fallback presentation compiler.
2026.03.16 21:52:39 INFO  no build target found for C:\Users\vitorsantana\Desktop\faculdade\backend-mafra\atividade-3\api-contato\src\main\java\com\uninassau\api_contato\ApiContatoApplication.java. Using fallback presentation compiler.
2026.03.16 21:52:39 INFO  no build target found for C:\Users\vitorsantana\Desktop\faculdade\backend-mafra\atividade-3\api-contato\src\main\java\com\uninassau\api_contato\ApiContatoApplication.java. Using fallback presentation compiler.
2026.03.16 21:52:39 INFO  no build target found for C:\Users\vitorsantana\Desktop\faculdade\backend-mafra\atividade-3\api-contato\src\main\java\com\uninassau\api_contato\ApiContatoApplication.java. Using fallback presentation compiler.
2026.03.16 21:52:40 INFO  no build target found for C:\Users\vitorsantana\Desktop\faculdade\backend-mafra\atividade-3\api-contato\src\main\java\com\uninassau\api_contato\ApiContatoApplication.java. Using fallback presentation compiler.
2026.03.16 21:52:39 INFO  no build target found for C:\Users\vitorsantana\Desktop\faculdade\backend-mafra\atividade-3\api-contato\src\main\java\com\uninassau\api_contato\ApiContatoApplication.java. Using fallback presentation compiler.
2026.03.16 21:52:40 WARN  no build target for: C:\Users\vitorsantana\Desktop\faculdade\backend-mafra\atividade-3\api-contato\src\main\java\com\uninassau\api_contato\ApiContatoApplication.java
2026.03.16 21:52:40 INFO  no build target found for C:\Users\vitorsantana\Desktop\faculdade\backend-mafra\atividade-3\api-contato\src\main\java\com\uninassau\api_contato\ApiContatoApplication.java. Using fallback presentation compiler.
2026.03.16 21:52:41 INFO  no build target found for C:\Users\vitorsantana\Desktop\faculdade\backend-mafra\atividade-3\api-contato\src\main\java\com\uninassau\api_contato\ApiContatoApplication.java. Using fallback presentation compiler.
2026.03.16 21:52:41 INFO  no build target found for C:\Users\vitorsantana\Desktop\faculdade\backend-mafra\atividade-3\api-contato\src\main\java\com\uninassau\api_contato\ApiContatoApplication.java. Using fallback presentation compiler.
2026.03.16 21:52:42 INFO  no build target found for C:\Users\vitorsantana\Desktop\faculdade\backend-mafra\atividade-3\api-contato\src\main\java\com\uninassau\api_contato\ApiContatoApplication.java. Using fallback presentation compiler.
2026.03.16 21:53:22 INFO  no build target found for C:\Users\vitorsantana\Desktop\faculdade\backend-mafra\atividade-3\api-contato\src\main\java\com\uninassau\api_contato\ApiContatoApplication.java. Using fallback presentation compiler.
2026.03.16 21:53:22 INFO  no build target found for C:\Users\vitorsantana\Desktop\faculdade\backend-mafra\atividade-3\api-contato\src\main\java\com\uninassau\api_contato\ApiContatoApplication.java. Using fallback presentation compiler.
2026.03.16 21:53:23 INFO  no build target found for C:\Users\vitorsantana\Desktop\faculdade\backend-mafra\atividade-3\api-contato\src\main\java\com\uninassau\api_contato\ApiContatoApplication.java. Using fallback presentation compiler.
2026.03.16 21:53:23 INFO  no build target found for C:\Users\vitorsantana\Desktop\faculdade\backend-mafra\atividade-3\api-contato\src\main\java\com\uninassau\api_contato\ApiContatoApplication.java. Using fallback presentation compiler.
2026.03.16 21:53:23 INFO  no build target found for C:\Users\vitorsantana\Desktop\faculdade\backend-mafra\atividade-3\api-contato\src\main\java\com\uninassau\api_contato\ApiContatoApplication.java. Using fallback presentation compiler.
2026.03.16 21:53:23 INFO  no build target found for C:\Users\vitorsantana\Desktop\faculdade\backend-mafra\atividade-3\api-contato\src\main\java\com\uninassau\api_contato\ApiContatoApplication.java. Using fallback presentation compiler.
2026.03.16 21:53:23 INFO  no build target found for C:\Users\vitorsantana\Desktop\faculdade\backend-mafra\atividade-3\api-contato\src\main\java\com\uninassau\api_contato\ApiContatoApplication.java. Using fallback presentation compiler.
2026.03.16 21:53:23 INFO  no build target found for C:\Users\vitorsantana\Desktop\faculdade\backend-mafra\atividade-3\api-contato\src\main\java\com\uninassau\api_contato\ApiContatoApplication.java. Using fallback presentation compiler.
2026.03.16 21:53:24 INFO  no build target found for C:\Users\vitorsantana\Desktop\faculdade\backend-mafra\atividade-3\api-contato\src\main\java\com\uninassau\api_contato\ApiContatoApplication.java. Using fallback presentation compiler.
2026.03.16 21:53:23 INFO  no build target found for C:\Users\vitorsantana\Desktop\faculdade\backend-mafra\atividade-3\api-contato\src\main\java\com\uninassau\api_contato\ApiContatoApplication.java. Using fallback presentation compiler.
2026.03.16 21:53:23 INFO  no build target found for C:\Users\vitorsantana\Desktop\faculdade\backend-mafra\atividade-3\api-contato\src\main\java\com\uninassau\api_contato\ApiContatoApplication.java. Using fallback presentation compiler.
2026.03.16 21:53:24 INFO  no build target found for C:\Users\vitorsantana\Desktop\faculdade\backend-mafra\atividade-3\api-contato\src\main\java\com\uninassau\api_contato\ApiContatoApplication.java. Using fallback presentation compiler.
2026.03.16 21:53:24 INFO  no build target found for C:\Users\vitorsantana\Desktop\faculdade\backend-mafra\atividade-3\api-contato\src\main\java\com\uninassau\api_contato\ApiContatoApplication.java. Using fallback presentation compiler.
2026.03.16 21:53:24 INFO  no build target found for C:\Users\vitorsantana\Desktop\faculdade\backend-mafra\atividade-3\api-contato\src\main\java\com\uninassau\api_contato\ApiContatoApplication.java. Using fallback presentation compiler.
2026.03.16 21:53:25 WARN  no build target for: C:\Users\vitorsantana\Desktop\faculdade\backend-mafra\atividade-3\api-contato\src\main\java\com\uninassau\api_contato\ApiContatoApplication.java
2026.03.16 21:53:25 INFO  no build target found for C:\Users\vitorsantana\Desktop\faculdade\backend-mafra\atividade-3\api-contato\src\main\java\com\uninassau\api_contato\ApiContatoApplication.java. Using fallback presentation compiler.
2026.03.16 21:53:24 INFO  no build target found for C:\Users\vitorsantana\Desktop\faculdade\backend-mafra\atividade-3\api-contato\src\main\java\com\uninassau\api_contato\ApiContatoApplication.java. Using fallback presentation compiler.
2026.03.16 21:53:26 INFO  no build target found for C:\Users\vitorsantana\Desktop\faculdade\backend-mafra\atividade-3\api-contato\src\main\java\com\uninassau\api_contato\ApiContatoApplication.java. Using fallback presentation compiler.
2026.03.16 21:53:26 INFO  no build target found for C:\Users\vitorsantana\Desktop\faculdade\backend-mafra\atividade-3\api-contato\src\main\java\com\uninassau\api_contato\ApiContatoApplication.java. Using fallback presentation compiler.
2026.03.16 21:53:26 INFO  no build target found for C:\Users\vitorsantana\Desktop\faculdade\backend-mafra\atividade-3\api-contato\src\main\java\com\uninassau\api_contato\ApiContatoApplication.java. Using fallback presentation compiler.
2026.03.16 21:53:27 INFO  no build target found for C:\Users\vitorsantana\Desktop\faculdade\backend-mafra\atividade-3\api-contato\src\main\java\com\uninassau\api_contato\ApiContatoApplication.java. Using fallback presentation compiler.
2026.03.16 21:53:27 INFO  no build target found for C:\Users\vitorsantana\Desktop\faculdade\backend-mafra\atividade-3\api-contato\src\main\java\com\uninassau\api_contato\ApiContatoApplication.java. Using fallback presentation compiler.
2026.03.16 21:53:29 INFO  no build target found for C:\Users\vitorsantana\Desktop\faculdade\backend-mafra\atividade-3\api-contato\src\main\java\com\uninassau\api_contato\ApiContatoApplication.java. Using fallback presentation compiler.
2026.03.16 21:53:30 INFO  no build target found for C:\Users\vitorsantana\Desktop\faculdade\backend-mafra\atividade-3\api-contato\src\main\java\com\uninassau\api_contato\ApiContatoApplication.java. Using fallback presentation compiler.
2026.03.16 21:53:29 INFO  no build target found for C:\Users\vitorsantana\Desktop\faculdade\backend-mafra\atividade-3\api-contato\src\main\java\com\uninassau\api_contato\ApiContatoApplication.java. Using fallback presentation compiler.
2026.03.16 21:53:29 INFO  no build target found for C:\Users\vitorsantana\Desktop\faculdade\backend-mafra\atividade-3\api-contato\src\main\java\com\uninassau\api_contato\ApiContatoApplication.java. Using fallback presentation compiler.
2026.03.16 21:53:30 INFO  no build target found for C:\Users\vitorsantana\Desktop\faculdade\backend-mafra\atividade-3\api-contato\src\main\java\com\uninassau\api_contato\ApiContatoApplication.java. Using fallback presentation compiler.
2026.03.16 21:53:30 INFO  no build target found for C:\Users\vitorsantana\Desktop\faculdade\backend-mafra\atividade-3\api-contato\src\main\java\com\uninassau\api_contato\ApiContatoApplication.java. Using fallback presentation compiler.
2026.03.16 21:53:30 INFO  no build target found for C:\Users\vitorsantana\Desktop\faculdade\backend-mafra\atividade-3\api-contato\src\main\java\com\uninassau\api_contato\ApiContatoApplication.java. Using fallback presentation compiler.
2026.03.16 21:53:30 INFO  no build target found for C:\Users\vitorsantana\Desktop\faculdade\backend-mafra\atividade-3\api-contato\src\main\java\com\uninassau\api_contato\ApiContatoApplication.java. Using fallback presentation compiler.
2026.03.16 21:53:31 WARN  no build target for: C:\Users\vitorsantana\Desktop\faculdade\backend-mafra\atividade-3\api-contato\src\main\java\com\uninassau\api_contato\ApiContatoApplication.java
2026.03.16 21:53:31 INFO  no build target found for C:\Users\vitorsantana\Desktop\faculdade\backend-mafra\atividade-3\api-contato\src\main\java\com\uninassau\api_contato\ApiContatoApplication.java. Using fallback presentation compiler.
2026.03.16 21:53:31 INFO  no build target found for C:\Users\vitorsantana\Desktop\faculdade\backend-mafra\atividade-3\api-contato\src\main\java\com\uninassau\api_contato\ApiContatoApplication.java. Using fallback presentation compiler.
2026.03.16 21:53:46 INFO  no build target found for C:\Users\vitorsantana\Desktop\faculdade\backend-mafra\atividade-3\api-contato\src\main\java\com\uninassau\api_contato\ApiContatoApplication.java. Using fallback presentation compiler.
2026.03.16 21:53:49 INFO  no build target found for C:\Users\vitorsantana\Desktop\faculdade\backend-mafra\atividade-3\api-contato\src\main\java\com\uninassau\api_contato\ApiContatoApplication.java. Using fallback presentation compiler.
2026.03.16 21:53:49 INFO  no build target found for C:\Users\vitorsantana\Desktop\faculdade\backend-mafra\atividade-3\api-contato\src\main\java\com\uninassau\api_contato\ApiContatoApplication.java. Using fallback presentation compiler.
2026.03.16 21:53:50 INFO  no build target found for C:\Users\vitorsantana\Desktop\faculdade\backend-mafra\atividade-3\api-contato\src\main\java\com\uninassau\api_contato\ApiContatoApplication.java. Using fallback presentation compiler.
2026.03.16 21:53:50 INFO  no build target found for C:\Users\vitorsantana\Desktop\faculdade\backend-mafra\atividade-3\api-contato\src\main\java\com\uninassau\api_contato\ApiContatoApplication.java. Using fallback presentation compiler.
2026.03.16 21:53:51 WARN  no build target for: C:\Users\vitorsantana\Desktop\faculdade\backend-mafra\atividade-3\api-contato\src\main\java\com\uninassau\api_contato\ApiContatoApplication.java
2026.03.16 21:53:51 INFO  no build target found for C:\Users\vitorsantana\Desktop\faculdade\backend-mafra\atividade-3\api-contato\src\main\java\com\uninassau\api_contato\ApiContatoApplication.java. Using fallback presentation compiler.
2026.03.16 21:53:51 INFO  no build target found for C:\Users\vitorsantana\Desktop\faculdade\backend-mafra\atividade-3\api-contato\src\main\java\com\uninassau\api_contato\ApiContatoApplication.java. Using fallback presentation compiler.
2026.03.16 21:53:51 INFO  no build target found for C:\Users\vitorsantana\Desktop\faculdade\backend-mafra\atividade-3\api-contato\src\main\java\com\uninassau\api_contato\ApiContatoApplication.java. Using fallback presentation compiler.
2026.03.16 21:53:51 INFO  no build target found for C:\Users\vitorsantana\Desktop\faculdade\backend-mafra\atividade-3\api-contato\src\main\java\com\uninassau\api_contato\ApiContatoApplication.java. Using fallback presentation compiler.
2026.03.16 21:53:52 INFO  no build target found for C:\Users\vitorsantana\Desktop\faculdade\backend-mafra\atividade-3\api-contato\src\main\java\com\uninassau\api_contato\ApiContatoApplication.java. Using fallback presentation compiler.
2026.03.16 21:53:53 INFO  no build target found for C:\Users\vitorsantana\Desktop\faculdade\backend-mafra\atividade-3\api-contato\src\main\java\com\uninassau\api_contato\ApiContatoApplication.java. Using fallback presentation compiler.
2026.03.16 21:53:53 INFO  no build target found for C:\Users\vitorsantana\Desktop\faculdade\backend-mafra\atividade-3\api-contato\src\main\java\com\uninassau\api_contato\ApiContatoApplication.java. Using fallback presentation compiler.
2026.03.16 21:53:53 WARN  no build target for: C:\Users\vitorsantana\Desktop\faculdade\backend-mafra\atividade-3\api-contato\src\main\java\com\uninassau\api_contato\ApiContatoApplication.java
2026.03.16 21:53:54 INFO  no build target found for C:\Users\vitorsantana\Desktop\faculdade\backend-mafra\atividade-3\api-contato\src\main\java\com\uninassau\api_contato\ApiContatoApplication.java. Using fallback presentation compiler.
2026.03.16 21:53:54 INFO  no build target found for C:\Users\vitorsantana\Desktop\faculdade\backend-mafra\atividade-3\api-contato\src\main\java\com\uninassau\api_contato\ApiContatoApplication.java. Using fallback presentation compiler.
2026.03.16 21:53:54 INFO  no build target found for C:\Users\vitorsantana\Desktop\faculdade\backend-mafra\atividade-3\api-contato\src\main\java\com\uninassau\api_contato\ApiContatoApplication.java. Using fallback presentation compiler.
2026.03.16 21:53:54 INFO  no build target found for C:\Users\vitorsantana\Desktop\faculdade\backend-mafra\atividade-3\api-contato\src\main\java\com\uninassau\api_contato\ApiContatoApplication.java. Using fallback presentation compiler.
2026.03.16 21:53:55 INFO  no build target found for C:\Users\vitorsantana\Desktop\faculdade\backend-mafra\atividade-3\api-contato\src\main\java\com\uninassau\api_contato\ApiContatoApplication.java. Using fallback presentation compiler.
2026.03.16 21:53:55 INFO  no build target found for C:\Users\vitorsantana\Desktop\faculdade\backend-mafra\atividade-3\api-contato\src\main\java\com\uninassau\api_contato\ApiContatoApplication.java. Using fallback presentation compiler.
2026.03.16 21:53:56 INFO  no build target found for C:\Users\vitorsantana\Desktop\faculdade\backend-mafra\atividade-3\api-contato\src\main\java\com\uninassau\api_contato\ApiContatoApplication.java. Using fallback presentation compiler.
2026.03.16 21:53:56 WARN  no build target for: C:\Users\vitorsantana\Desktop\faculdade\backend-mafra\atividade-3\api-contato\src\main\java\com\uninassau\api_contato\ApiContatoApplication.java
2026.03.16 21:53:56 INFO  no build target found for C:\Users\vitorsantana\Desktop\faculdade\backend-mafra\atividade-3\api-contato\src\main\java\com\uninassau\api_contato\ApiContatoApplication.java. Using fallback presentation compiler.
2026.03.16 21:53:57 INFO  no build target found for C:\Users\vitorsantana\Desktop\faculdade\backend-mafra\atividade-3\api-contato\src\main\java\com\uninassau\api_contato\ApiContatoApplication.java. Using fallback presentation compiler.
2026.03.16 21:53:57 INFO  no build target found for C:\Users\vitorsantana\Desktop\faculdade\backend-mafra\atividade-3\api-contato\src\main\java\com\uninassau\api_contato\ApiContatoApplication.java. Using fallback presentation compiler.
2026.03.16 21:53:57 INFO  no build target found for C:\Users\vitorsantana\Desktop\faculdade\backend-mafra\atividade-3\api-contato\src\main\java\com\uninassau\api_contato\ApiContatoApplication.java. Using fallback presentation compiler.
2026.03.16 21:53:58 INFO  no build target found for C:\Users\vitorsantana\Desktop\faculdade\backend-mafra\atividade-3\api-contato\src\main\java\com\uninassau\api_contato\ApiContatoApplication.java. Using fallback presentation compiler.
2026.03.16 21:53:58 INFO  no build target found for C:\Users\vitorsantana\Desktop\faculdade\backend-mafra\atividade-3\api-contato\src\main\java\com\uninassau\api_contato\ApiContatoApplication.java. Using fallback presentation compiler.
2026.03.16 21:53:58 INFO  no build target found for C:\Users\vitorsantana\Desktop\faculdade\backend-mafra\atividade-3\api-contato\src\main\java\com\uninassau\api_contato\ApiContatoApplication.java. Using fallback presentation compiler.
2026.03.16 21:53:59 INFO  no build target found for C:\Users\vitorsantana\Desktop\faculdade\backend-mafra\atividade-3\api-contato\src\main\java\com\uninassau\api_contato\ApiContatoApplication.java. Using fallback presentation compiler.
2026.03.16 21:54:00 INFO  no build target found for C:\Users\vitorsantana\Desktop\faculdade\backend-mafra\atividade-3\api-contato\src\main\java\com\uninassau\api_contato\ApiContatoApplication.java. Using fallback presentation compiler.
2026.03.16 21:54:00 WARN  no build target for: C:\Users\vitorsantana\Desktop\faculdade\backend-mafra\atividade-3\api-contato\src\main\java\com\uninassau\api_contato\ApiContatoApplication.java
2026.03.16 21:54:00 INFO  no build target found for C:\Users\vitorsantana\Desktop\faculdade\backend-mafra\atividade-3\api-contato\src\main\java\com\uninassau\api_contato\ApiContatoApplication.java. Using fallback presentation compiler.
2026.03.16 21:54:00 INFO  no build target found for C:\Users\vitorsantana\Desktop\faculdade\backend-mafra\atividade-3\api-contato\src\main\java\com\uninassau\api_contato\ApiContatoApplication.java. Using fallback presentation compiler.
2026.03.16 21:54:00 INFO  no build target found for C:\Users\vitorsantana\Desktop\faculdade\backend-mafra\atividade-3\api-contato\src\main\java\com\uninassau\api_contato\ApiContatoApplication.java. Using fallback presentation compiler.
2026.03.16 21:54:00 INFO  no build target found for C:\Users\vitorsantana\Desktop\faculdade\backend-mafra\atividade-3\api-contato\src\main\java\com\uninassau\api_contato\ApiContatoApplication.java. Using fallback presentation compiler.
2026.03.16 21:54:00 INFO  no build target found for C:\Users\vitorsantana\Desktop\faculdade\backend-mafra\atividade-3\api-contato\src\main\java\com\uninassau\api_contato\ApiContatoApplication.java. Using fallback presentation compiler.
2026.03.16 21:54:01 INFO  no build target found for C:\Users\vitorsantana\Desktop\faculdade\backend-mafra\atividade-3\api-contato\src\main\java\com\uninassau\api_contato\ApiContatoApplication.java. Using fallback presentation compiler.
2026.03.16 21:54:02 WARN  no build target for: C:\Users\vitorsantana\Desktop\faculdade\backend-mafra\atividade-3\api-contato\src\main\java\com\uninassau\api_contato\ApiContatoApplication.java
2026.03.16 21:54:02 INFO  no build target found for C:\Users\vitorsantana\Desktop\faculdade\backend-mafra\atividade-3\api-contato\src\main\java\com\uninassau\api_contato\ApiContatoApplication.java. Using fallback presentation compiler.
2026.03.16 21:54:03 INFO  no build target found for C:\Users\vitorsantana\Desktop\faculdade\backend-mafra\atividade-3\api-contato\src\main\java\com\uninassau\api_contato\ApiContatoApplication.java. Using fallback presentation compiler.
2026.03.16 21:54:03 INFO  no build target found for C:\Users\vitorsantana\Desktop\faculdade\backend-mafra\atividade-3\api-contato\src\main\java\com\uninassau\api_contato\ApiContatoApplication.java. Using fallback presentation compiler.
2026.03.16 21:54:03 INFO  no build target found for C:\Users\vitorsantana\Desktop\faculdade\backend-mafra\atividade-3\api-contato\src\main\java\com\uninassau\api_contato\ApiContatoApplication.java. Using fallback presentation compiler.
2026.03.16 21:54:04 INFO  no build target found for C:\Users\vitorsantana\Desktop\faculdade\backend-mafra\atividade-3\api-contato\src\main\java\com\uninassau\api_contato\ApiContatoApplication.java. Using fallback presentation compiler.
2026.03.16 21:54:04 WARN  no build target for: C:\Users\vitorsantana\Desktop\faculdade\backend-mafra\atividade-3\api-contato\src\main\java\com\uninassau\api_contato\ApiContatoApplication.java
2026.03.16 21:54:04 INFO  no build target found for C:\Users\vitorsantana\Desktop\faculdade\backend-mafra\atividade-3\api-contato\src\main\java\com\uninassau\api_contato\ApiContatoApplication.java. Using fallback presentation compiler.
2026.03.16 21:54:04 INFO  no build target found for C:\Users\vitorsantana\Desktop\faculdade\backend-mafra\atividade-3\api-contato\src\main\java\com\uninassau\api_contato\ApiContatoApplication.java. Using fallback presentation compiler.
2026.03.16 21:54:04 INFO  no build target found for C:\Users\vitorsantana\Desktop\faculdade\backend-mafra\atividade-3\api-contato\src\main\java\com\uninassau\api_contato\ApiContatoApplication.java. Using fallback presentation compiler.
2026.03.16 21:54:04 INFO  no build target found for C:\Users\vitorsantana\Desktop\faculdade\backend-mafra\atividade-3\api-contato\src\main\java\com\uninassau\api_contato\ApiContatoApplication.java. Using fallback presentation compiler.
2026.03.16 21:54:06 INFO  no build target found for C:\Users\vitorsantana\Desktop\faculdade\backend-mafra\atividade-3\api-contato\src\main\java\com\uninassau\api_contato\ApiContatoApplication.java. Using fallback presentation compiler.
2026.03.16 21:54:07 INFO  no build target found for C:\Users\vitorsantana\Desktop\faculdade\backend-mafra\atividade-3\api-contato\src\main\java\com\uninassau\api_contato\ApiContatoApplication.java. Using fallback presentation compiler.
2026.03.16 21:54:07 INFO  no build target found for C:\Users\vitorsantana\Desktop\faculdade\backend-mafra\atividade-3\api-contato\src\main\java\com\uninassau\api_contato\ApiContatoApplication.java. Using fallback presentation compiler.
2026.03.16 21:54:07 INFO  no build target found for C:\Users\vitorsantana\Desktop\faculdade\backend-mafra\atividade-3\api-contato\src\main\java\com\uninassau\api_contato\ApiContatoApplication.java. Using fallback presentation compiler.
2026.03.16 21:54:07 INFO  no build target found for C:\Users\vitorsantana\Desktop\faculdade\backend-mafra\atividade-3\api-contato\src\main\java\com\uninassau\api_contato\ApiContatoApplication.java. Using fallback presentation compiler.
2026.03.16 21:54:08 INFO  no build target found for C:\Users\vitorsantana\Desktop\faculdade\backend-mafra\atividade-3\api-contato\src\main\java\com\uninassau\api_contato\ApiContatoApplication.java. Using fallback presentation compiler.
2026.03.16 21:54:08 INFO  no build target found for C:\Users\vitorsantana\Desktop\faculdade\backend-mafra\atividade-3\api-contato\src\main\java\com\uninassau\api_contato\ApiContatoApplication.java. Using fallback presentation compiler.
2026.03.16 21:54:09 INFO  no build target found for C:\Users\vitorsantana\Desktop\faculdade\backend-mafra\atividade-3\api-contato\src\main\java\com\uninassau\api_contato\ApiContatoApplication.java. Using fallback presentation compiler.
2026.03.16 21:54:09 WARN  no build target for: C:\Users\vitorsantana\Desktop\faculdade\backend-mafra\atividade-3\api-contato\src\main\java\com\uninassau\api_contato\ApiContatoApplication.java
2026.03.16 21:54:09 INFO  no build target found for C:\Users\vitorsantana\Desktop\faculdade\backend-mafra\atividade-3\api-contato\src\main\java\com\uninassau\api_contato\ApiContatoApplication.java. Using fallback presentation compiler.
2026.03.16 21:54:10 INFO  no build target found for C:\Users\vitorsantana\Desktop\faculdade\backend-mafra\atividade-3\api-contato\src\main\java\com\uninassau\api_contato\ApiContatoApplication.java. Using fallback presentation compiler.
2026.03.16 21:54:10 INFO  no build target found for C:\Users\vitorsantana\Desktop\faculdade\backend-mafra\atividade-3\api-contato\src\main\java\com\uninassau\api_contato\ApiContatoApplication.java. Using fallback presentation compiler.
2026.03.16 21:54:10 INFO  no build target found for C:\Users\vitorsantana\Desktop\faculdade\backend-mafra\atividade-3\api-contato\src\main\java\com\uninassau\api_contato\ApiContatoApplication.java. Using fallback presentation compiler.
2026.03.16 21:54:11 INFO  no build target found for C:\Users\vitorsantana\Desktop\faculdade\backend-mafra\atividade-3\api-contato\src\main\java\com\uninassau\api_contato\ApiContatoApplication.java. Using fallback presentation compiler.
2026.03.16 21:54:11 WARN  no build target for: C:\Users\vitorsantana\Desktop\faculdade\backend-mafra\atividade-3\api-contato\src\main\java\com\uninassau\api_contato\ApiContatoApplication.java
2026.03.16 21:54:12 INFO  no build target found for C:\Users\vitorsantana\Desktop\faculdade\backend-mafra\atividade-3\api-contato\src\main\java\com\uninassau\api_contato\ApiContatoApplication.java. Using fallback presentation compiler.
2026.03.16 21:54:12 INFO  no build target found for C:\Users\vitorsantana\Desktop\faculdade\backend-mafra\atividade-3\api-contato\src\main\java\com\uninassau\api_contato\ApiContatoApplication.java. Using fallback presentation compiler.
mar. 16, 2026 9:54:12 PM org.eclipse.lsp4j.jsonrpc.RemoteEndpoint handleCancellation
WARNING: Unmatched cancel notification for request id 528
2026.03.16 21:54:12 INFO  no build target found for C:\Users\vitorsantana\Desktop\faculdade\backend-mafra\atividade-3\api-contato\src\main\java\com\uninassau\api_contato\ApiContatoApplication.java. Using fallback presentation compiler.
2026.03.16 21:54:12 INFO  no build target found for C:\Users\vitorsantana\Desktop\faculdade\backend-mafra\atividade-3\api-contato\src\main\java\com\uninassau\api_contato\ApiContatoApplication.java. Using fallback presentation compiler.
2026.03.16 21:54:12 INFO  no build target found for C:\Users\vitorsantana\Desktop\faculdade\backend-mafra\atividade-3\api-contato\src\main\java\com\uninassau\api_contato\ApiContatoApplication.java. Using fallback presentation compiler.
2026.03.16 21:54:13 INFO  no build target found for C:\Users\vitorsantana\Desktop\faculdade\backend-mafra\atividade-3\api-contato\src\main\java\com\uninassau\api_contato\ApiContatoApplication.java. Using fallback presentation compiler.
2026.03.16 21:54:13 INFO  no build target found for C:\Users\vitorsantana\Desktop\faculdade\backend-mafra\atividade-3\api-contato\src\main\java\com\uninassau\api_contato\ApiContatoApplication.java. Using fallback presentation compiler.
2026.03.16 21:54:13 INFO  no build target found for C:\Users\vitorsantana\Desktop\faculdade\backend-mafra\atividade-3\api-contato\src\main\java\com\uninassau\api_contato\ApiContatoApplication.java. Using fallback presentation compiler.
2026.03.16 21:54:14 WARN  no build target for: C:\Users\vitorsantana\Desktop\faculdade\backend-mafra\atividade-3\api-contato\src\main\java\com\uninassau\api_contato\ApiContatoApplication.java
2026.03.16 21:54:14 INFO  no build target found for C:\Users\vitorsantana\Desktop\faculdade\backend-mafra\atividade-3\api-contato\src\main\java\com\uninassau\api_contato\ApiContatoApplication.java. Using fallback presentation compiler.
mar. 16, 2026 10:12:45 PM org.eclipse.lsp4j.jsonrpc.services.GenericEndpoint notify
INFO: Unsupported notification method: $/setTrace
